[debug] [2021-03-13T08:27:52.707Z] ----------------------------------------------------------------------
[debug] [2021-03-13T08:27:52.709Z] Command:       C:\Program Files\nodejs\node.exe C:\Program Files\nodejs\node_modules\firebase-tools\lib\bin\firebase.js init
[debug] [2021-03-13T08:27:52.709Z] CLI Version:   9.6.1
[debug] [2021-03-13T08:27:52.709Z] Platform:      win32
[debug] [2021-03-13T08:27:52.709Z] Node Version:  v14.11.0
[debug] [2021-03-13T08:27:52.710Z] Time:          Sat Mar 13 2021 10:27:52 GMT+0200 (Ryt킬 Europos 탑iemos laikas)
[debug] [2021-03-13T08:27:52.710Z] ----------------------------------------------------------------------
[debug] [2021-03-13T08:27:52.710Z] 
[debug] [2021-03-13T08:27:52.717Z] > command requires scopes: ["email","openid","https://www.googleapis.com/auth/cloudplatformprojects.readonly","https://www.googleapis.com/auth/firebase","https://www.googleapis.com/auth/cloud-platform"]
[debug] [2021-03-13T08:27:52.717Z] > authorizing via signed-in user
[info] 
     ######## #### ########  ######## ########     ###     ######  ########
     ##        ##  ##     ## ##       ##     ##  ##   ##  ##       ##
     ######    ##  ########  ######   ########  #########  ######  ######
     ##        ##  ##    ##  ##       ##     ## ##     ##       ## ##
     ##       #### ##     ## ######## ########  ##     ##  ######  ########

You're about to initialize a Firebase project in this directory:

  C:\Users\acimermonas\Desktop\next-firebase-course-main

[debug] [2021-03-13T08:28:29.086Z] ----------------------------------------------------------------------
[debug] [2021-03-13T08:28:29.087Z] Command:       C:\Program Files\nodejs\node.exe C:\Program Files\nodejs\node_modules\firebase-tools\lib\bin\firebase.js init hosting
[debug] [2021-03-13T08:28:29.088Z] CLI Version:   9.6.1
[debug] [2021-03-13T08:28:29.088Z] Platform:      win32
[debug] [2021-03-13T08:28:29.088Z] Node Version:  v14.11.0
[debug] [2021-03-13T08:28:29.088Z] Time:          Sat Mar 13 2021 10:28:29 GMT+0200 (Ryt킬 Europos 탑iemos laikas)
[debug] [2021-03-13T08:28:29.089Z] ----------------------------------------------------------------------
[debug] [2021-03-13T08:28:29.089Z] 
[debug] [2021-03-13T08:28:29.095Z] > command requires scopes: ["email","openid","https://www.googleapis.com/auth/cloudplatformprojects.readonly","https://www.googleapis.com/auth/firebase","https://www.googleapis.com/auth/cloud-platform"]
[debug] [2021-03-13T08:28:29.096Z] > authorizing via signed-in user
[info] 
     ######## #### ########  ######## ########     ###     ######  ########
     ##        ##  ##     ## ##       ##     ##  ##   ##  ##       ##
     ######    ##  ########  ######   ########  #########  ######  ######
     ##        ##  ##    ##  ##       ##     ## ##     ##       ## ##
     ##       #### ##     ## ######## ########  ##     ##  ######  ########

You're about to initialize a Firebase project in this directory:

  C:\Users\acimermonas\Desktop\next-firebase-course-main

[info] 
=== Project Setup
[info] 
[info] First, let's associate this project directory with a Firebase project.
[info] You can create multiple project aliases by running firebase use --add, 
[info] but for now we'll just set up a default project.
[info] 
[debug] [2021-03-13T08:29:13.202Z] >>> [apiv2][query] GET https://firebase.googleapis.com/v1beta1/projects pageSize=100
[debug] [2021-03-13T08:29:13.683Z] <<< [apiv2][status] GET https://firebase.googleapis.com/v1beta1/projects 200
[debug] [2021-03-13T08:29:13.683Z] <<< [apiv2][body] GET https://firebase.googleapis.com/v1beta1/projects [omitted]
[info] i  Using project saloon-8bc01 (Saloon) 
[info] 
=== Hosting Setup
[info] 
[info] Your public directory is the folder (relative to your project directory) that
[info] will contain Hosting assets to be uploaded with firebase deploy. If you
[info] have a build process for your assets, use your build's output directory.
[info] 
[info] +  Wrote /out/404.html 
[debug] [2021-03-13T08:30:34.976Z] >>> [apiv2][query] GET https://www.gstatic.com/firebasejs/releases.json [none]
[debug] [2021-03-13T08:30:35.036Z] <<< [apiv2][status] GET https://www.gstatic.com/firebasejs/releases.json 200
[debug] [2021-03-13T08:30:35.036Z] <<< [apiv2][body] GET https://www.gstatic.com/firebasejs/releases.json {"current":{"version":"8.3.0","browserURL":"https://www.gstatic.com/firebasejs/8.3.0/firebase.js","packageURL":"https://www.gstatic.com/firebasejs/8.3.0/firebase.tgz"},"live":{"version":"8.3","browserURL":"https://www.gstatic.com/firebasejs/live/8.3/firebase.js","packageURL":"https://www.gstatic.com/firebasejs/live/8.3/firebase.tgz"},"components":{"analytics":"https://www.gstatic.com/firebasejs/8.3.0/firebase-analytics.js","app":"https://www.gstatic.com/firebasejs/8.3.0/firebase-app.js","auth":"https://www.gstatic.com/firebasejs/8.3.0/firebase-auth.js","database":"https://www.gstatic.com/firebasejs/8.3.0/firebase-database.js","firestore":"https://www.gstatic.com/firebasejs/8.3.0/firebase-firestore.js","functions":"https://www.gstatic.com/firebasejs/8.3.0/firebase-functions.js","installations":"https://www.gstatic.com/firebasejs/8.3.0/firebase-installations.js","messaging":"https://www.gstatic.com/firebasejs/8.3.0/firebase-messaging.js","storage":"https://www.gstatic.com/firebasejs/8.3.0/firebase-storage.js","performance":"https://www.gstatic.com/firebasejs/8.3.0/firebase-performance.js","remote-config":"https://www.gstatic.com/firebasejs/8.3.0/firebase-remote-config.js","firestore.memory":"https://www.gstatic.com/firebasejs/8.3.0/firebase-firestore.memory.js"}}
[info] +  Wrote /out/index.html 
[info] 
[info] i  Didn't detect a .git folder. Assuming C:\Users\acimermonas\Desktop\next-firebase-course-main is the project root. 
[info] i  Authorizing with GitHub to upload your service account to a GitHub repository's secrets store. 
[info] 
[info] Visit this URL on this device to log in:
[info] https://github.com/login/oauth/authorize?client_id=89cf50f02ac6aaed3484&state=465206304&redirect_uri=http%3A%2F%2Flocalhost%3A9005&scope=read%3Auser%20repo%20public_repo
[info] 
[info] Waiting for authentication...
[debug] [2021-03-13T08:30:46.233Z] >>> HTTP REQUEST POST https://github.com/login/oauth/access_token  
 {"client_id":"89cf50f02ac6aaed3484","client_secret":"3330d14abc895d9a74d5f17cd7a00711fa2c5bf0","code":"48271ac0927b24d0240c","redirect_uri":"http://localhost:9005","state":"465206304"}
[debug] [2021-03-13T08:30:46.495Z] <<< HTTP RESPONSE 200 {"server":"GitHub.com","date":"Sat, 13 Mar 2021 08:30:16 GMT","content-type":"application/json; charset=utf-8","transfer-encoding":"chunked","vary":"X-PJAX, Accept-Encoding, Accept, X-Requested-With","etag":"W/\"0c03cc97e040858bcfe928908864aae2\"","cache-control":"max-age=0, private, must-revalidate","strict-transport-security":"max-age=31536000; includeSubdomains; preload","x-frame-options":"deny","x-content-type-options":"nosniff","x-xss-protection":"1; mode=block","referrer-policy":"origin-when-cross-origin, strict-origin-when-cross-origin","expect-ct":"max-age=2592000, report-uri=\"https://api.github.com/_private/browser/errors\"","content-security-policy":"default-src 'none'; base-uri 'self'; block-all-mixed-content; connect-src 'self' uploads.github.com www.githubstatus.com collector.githubapp.com api.github.com github-cloud.s3.amazonaws.com github-production-repository-file-5c1aeb.s3.amazonaws.com github-production-upload-manifest-file-7fdce7.s3.amazonaws.com github-production-user-asset-6210df.s3.amazonaws.com cdn.optimizely.com logx.optimizely.com/v1/events wss://alive.github.com; font-src github.githubassets.com; form-action 'self' github.com gist.github.com; frame-ancestors 'none'; frame-src render.githubusercontent.com; img-src 'self' data: github.githubassets.com identicons.github.com collector.githubapp.com github-cloud.s3.amazonaws.com secured-user-images.githubusercontent.com/ *.githubusercontent.com; manifest-src 'self'; media-src 'none'; script-src github.githubassets.com; style-src 'unsafe-inline' github.githubassets.com; worker-src github.com/socket-worker-6832eced.js gist.github.com/socket-worker-6832eced.js","x-github-request-id":"F05F:0F05:CAB921:D89827:604C7817"}
[debug] [2021-03-13T08:30:46.498Z] >>> [apiv2][query] GET https://api.github.com/user [none]
[debug] [2021-03-13T08:30:46.794Z] <<< [apiv2][status] GET https://api.github.com/user 200
[debug] [2021-03-13T08:30:46.794Z] <<< [apiv2][body] GET https://api.github.com/user {"login":"AndriusCim","id":42008022,"node_id":"MDQ6VXNlcjQyMDA4MDIy","avatar_url":"https://avatars.githubusercontent.com/u/42008022?v=4","gravatar_id":"","url":"https://api.github.com/users/AndriusCim","html_url":"https://github.com/AndriusCim","followers_url":"https://api.github.com/users/AndriusCim/followers","following_url":"https://api.github.com/users/AndriusCim/following{/other_user}","gists_url":"https://api.github.com/users/AndriusCim/gists{/gist_id}","starred_url":"https://api.github.com/users/AndriusCim/starred{/owner}{/repo}","subscriptions_url":"https://api.github.com/users/AndriusCim/subscriptions","organizations_url":"https://api.github.com/users/AndriusCim/orgs","repos_url":"https://api.github.com/users/AndriusCim/repos","events_url":"https://api.github.com/users/AndriusCim/events{/privacy}","received_events_url":"https://api.github.com/users/AndriusCim/received_events","type":"User","site_admin":false,"name":"Andrius Cimermonas","company":"Alna Software","blog":"https://www.linkedin.com/in/andrius-cimermonas/","location":"Vilnius","email":null,"hireable":true,"bio":"Front-end developer with experience developing web apps and solutions using the latest technologies to achieve and deliver engaging user experiences. \r\n","twitter_username":null,"public_repos":3,"public_gists":0,"followers":1,"following":1,"created_at":"2018-08-01T17:46:01Z","updated_at":"2021-03-13T08:30:15Z","private_gists":0,"total_private_repos":4,"owned_private_repos":4,"disk_usage":42821,"collaborators":0,"two_factor_authentication":false,"plan":{"name":"free","space":976562499,"collaborators":0,"private_repos":10000}}
[info] 
[info] +  Success! Logged into GitHub as AndriusCim 
[info] 
